TN:
SF:src/cache-handler/cacheHandler.ts
FN:23,(anonymous_8)
FN:42,(anonymous_9)
FN:80,(anonymous_11)
FN:111,(anonymous_13)
FN:117,(anonymous_15)
FN:123,(anonymous_16)
FN:128,(anonymous_17)
FN:137,(anonymous_18)
FNF:8
FNH:7
FNDA:10,(anonymous_8)
FNDA:7,(anonymous_9)
FNDA:4,(anonymous_11)
FNDA:0,(anonymous_13)
FNDA:7,(anonymous_15)
FNDA:1,(anonymous_16)
FNDA:12,(anonymous_17)
FNDA:11,(anonymous_18)
DA:1,1
DA:7,1
DA:8,1
DA:15,1
DA:16,10
DA:26,10
DA:28,10
DA:30,10
DA:33,10
DA:37,10
DA:38,10
DA:39,10
DA:43,7
DA:45,7
DA:46,2
DA:47,2
DA:50,5
DA:51,5
DA:53,5
DA:55,5
DA:56,2
DA:58,3
DA:59,3
DA:60,1
DA:63,3
DA:64,3
DA:67,3
DA:68,1
DA:69,1
DA:72,3
DA:74,0
DA:75,0
DA:81,4
DA:83,4
DA:84,1
DA:85,1
DA:86,1
DA:89,3
DA:90,1
DA:91,1
DA:94,2
DA:99,2
DA:100,2
DA:102,2
DA:103,2
DA:105,0
DA:108,2
DA:114,0
DA:118,7
DA:119,7
DA:120,7
DA:124,1
DA:125,0
DA:129,12
DA:130,0
DA:138,11
DA:139,2
DA:142,9
DA:143,8
DA:146,1
DA:147,1
DA:150,0
LF:62
LH:55
BRDA:37,0,0,2
BRDA:37,0,1,8
BRDA:37,1,0,10
BRDA:37,1,1,10
BRDA:39,2,0,8
BRDA:39,2,1,2
BRDA:43,3,0,7
BRDA:45,4,0,2
BRDA:45,4,1,5
BRDA:59,5,0,1
BRDA:59,5,1,2
BRDA:67,6,0,1
BRDA:67,6,1,2
BRDA:67,7,0,3
BRDA:67,7,1,2
BRDA:67,8,0,1
BRDA:67,8,1,1
BRDA:67,9,0,2
BRDA:67,9,1,2
BRDA:83,10,0,1
BRDA:83,10,1,3
BRDA:89,11,0,1
BRDA:89,11,1,2
BRDA:119,12,0,7
BRDA:119,12,1,0
BRDA:119,13,0,7
BRDA:119,13,1,7
BRDA:124,14,0,1
BRDA:124,14,1,0
BRDA:129,15,0,0
BRDA:129,15,1,12
BRDA:138,16,0,2
BRDA:138,16,1,9
BRDA:142,17,0,8
BRDA:142,17,1,1
BRDA:146,18,0,1
BRDA:146,18,1,0
BRF:37
BRH:33
end_of_record
TN:
SF:src/cache-handler/kv.ts
FN:7,(anonymous_9)
FN:22,(anonymous_10)
FN:37,(anonymous_11)
FN:51,(anonymous_13)
FN:72,_KV_throwResponseErrors
FNF:5
FNH:5
FNDA:1,(anonymous_9)
FNDA:15,(anonymous_10)
FNDA:3,(anonymous_11)
FNDA:2,(anonymous_13)
FNDA:3,_KV_throwResponseErrors
DA:1,1
DA:2,1
DA:4,1
DA:8,1
DA:11,1
DA:15,1
DA:17,1
DA:23,15
DA:27,15
DA:31,15
DA:32,15
DA:33,0
DA:38,3
DA:45,3
DA:47,1
DA:48,1
DA:52,2
DA:53,1
DA:56,1
DA:72,1
DA:73,3
DA:74,1
DA:76,2
DA:77,1
LF:24
LH:23
BRDA:24,0,0,0
BRDA:24,0,1,15
BRDA:24,1,0,15
BRDA:24,1,1,15
BRDA:31,2,0,15
BRDA:31,2,1,0
BRDA:31,3,0,15
BRDA:31,3,1,15
BRDA:32,4,0,0
BRDA:32,4,1,15
BRDA:52,5,0,1
BRDA:52,5,1,1
BRDA:73,6,0,1
BRDA:73,6,1,2
BRDA:76,7,0,1
BRDA:76,7,1,1
BRDA:76,8,0,2
BRDA:76,8,1,2
BRF:18
BRH:15
end_of_record
TN:
SF:src/cache-handler/rollout.ts
FN:5,isKVStoreActive
FNF:1
FNH:1
FNDA:8,isKVStoreActive
DA:1,1
DA:5,1
DA:6,8
DA:7,8
DA:8,8
DA:11,8
DA:15,8
LF:7
LH:7
BRF:0
BRH:0
end_of_record
